<?xml version="1.0" encoding="UTF-8"?>
<!-- Generated by org.testng.reporters.JUnitXMLReporter -->
<testsuite hostname="DESKTOP-OHEAHH8" ignored="0" name="Basic" tests="16" failures="0" timestamp="14 Jul 2018 07:07:38 GMT" time="525.194" errors="0">
  <testcase name="@BeforeMethod setUp" time="31.121" classname="com.mdu.TestPages.HomePageTest">
    <failure type="org.openqa.selenium.WebDriverException" message="Returned value cannot be converted to WebElement: {stacktrace=NoSuchDriverError: A session is either terminated or not started
    at asyncHandler$ (C:\Users\Love\AppData\Roaming\npm\node_modules\appium\node_modules\appium-base-driver\lib\protocol\protocol.js:212:15)
    at tryCatch (C:\Users\Love\AppData\Roaming\npm\node_modules\appium\node_modules\babel-runtime\regenerator\runtime.js:67:40)
    at GeneratorFunctionPrototype.invoke [as _invoke] (C:\Users\Love\AppData\Roaming\npm\node_modules\appium\node_modules\babel-runtime\regenerator\runtime.js:315:22)
    at GeneratorFunctionPrototype.prototype.(anonymous function) [as next] (C:\Users\Love\AppData\Roaming\npm\node_modules\appium\node_modules\babel-runtime\regenerator\runtime.js:100:21)
    at invoke (C:\Users\Love\AppData\Roaming\npm\node_modules\appium\node_modules\babel-runtime\regenerator\runtime.js:136:37)
    at enqueueResult (C:\Users\Love\AppData\Roaming\npm\node_modules\appium\node_modules\babel-runtime\regenerator\runtime.js:185:17)
    at new Promise (&amp;lt;anonymous&amp;gt;)
    at new F (C:\Users\Love\AppData\Roaming\npm\node_modules\appium\node_modules\core-js\library\modules\$.export.js:30:36)
    at AsyncIterator.enqueue (C:\Users\Love\AppData\Roaming\npm\node_modules\appium\node_modules\babel-runtime\regenerator\runtime.js:184:12)
    at AsyncIterator.prototype.(anonymous function) [as next] (C:\Users\Love\AppData\Roaming\npm\node_modules\appium\node_modules\babel-runtime\regenerator\runtime.js:100:21)
    at Object.runtime.async (C:\Users\Love\AppData\Roaming\npm\node_modules\appium\node_modules\babel-runtime\regenerator\runtime.js:209:12)
    at asyncHandler (C:\Users\Love\AppData\Roaming\npm\node_modules\appium\node_modules\appium-base-driver\build\lib\protocol\protocol.js:331:32)
    at C:\Users\Love\AppData\Roaming\npm\node_modules\appium\node_modules\appium-base-driver\lib\protocol\protocol.js:403:15
    at Layer.handle [as handle_request] (C:\Users\Love\AppData\Roaming\npm\node_modules\appium\node_modules\express\lib\router\layer.js:95:5)
    at next (C:\Users\Love\AppData\Roaming\npm\node_modules\appium\node_modules\express\lib\router\route.js:137:13)
    at Route.dispatch (C:\Users\Love\AppData\Roaming\npm\node_modules\appium\node_modules\express\lib\router\route.js:112:3)
    at Layer.handle [as handle_request] (C:\Users\Love\AppData\Roaming\npm\node_modules\appium\node_modules\express\lib\router\layer.js:95:5)
    at C:\Users\Love\AppData\Roaming\npm\node_modules\appium\node_modules\express\lib\router\index.js:281:22
    at param (C:\Users\Love\AppData\Roaming\npm\node_modules\appium\node_modules\express\lib\router\index.js:354:14)
    at param (C:\Users\Love\AppData\Roaming\npm\node_modules\appium\node_modules\express\lib\router\index.js:365:14)
    at Function.process_params (C:\Users\Love\AppData\Roaming\npm\node_modules\appium\node_modules\express\lib\router\index.js:410:3)
    at next (C:\Users\Love\AppData\Roaming\npm\node_modules\appium\node_modules\express\lib\router\index.js:275:10)
    at logger (C:\Users\Love\AppData\Roaming\npm\node_modules\appium\node_modules\morgan\index.js:144:5)
    at Layer.handle [as handle_request] (C:\Users\Love\AppData\Roaming\npm\node_modules\appium\node_modules\express\lib\router\layer.js:95:5)
    at trim_prefix (C:\Users\Love\AppData\Roaming\npm\node_modules\appium\node_modules\express\lib\router\index.js:317:13)
    at C:\Users\Love\AppData\Roaming\npm\node_modules\appium\node_modules\express\lib\router\index.js:284:7
    at Function.process_params (C:\Users\Love\AppData\Roaming\npm\node_modules\appium\node_modules\express\lib\router\index.js:335:12)
    at next (C:\Users\Love\AppData\Roaming\npm\node_modules\appium\node_modules\express\lib\router\index.js:275:10)
    at C:\Users\Love\AppData\Roaming\npm\node_modules\appium\node_modules\body-parser\lib\read.js:130:5
    at invokeCallback (C:\Users\Love\AppData\Roaming\npm\node_modules\appium\node_modules\raw-body\index.js:224:16)
    at done (C:\Users\Love\AppData\Roaming\npm\node_modules\appium\node_modules\raw-body\index.js:213:7)
    at IncomingMessage.onEnd (C:\Users\Love\AppData\Roaming\npm\node_modules\appium\node_modules\raw-body\index.js:273:7)
    at emitNone (events.js:106:13)
    at IncomingMessage.emit (events.js:208:7)
    at endReadableNT (_stream_readable.js:1064:12)
    at _combinedTickCallback (internal/process/next_tick.js:138:11)
    at process._tickCallback (internal/process/next_tick.js:180:9), error=invalid session id, message=A session is either terminated or not started}
Build info: version: &amp;apos;3.4.0&amp;apos;, revision: &amp;apos;unknown&amp;apos;, time: &amp;apos;unknown&amp;apos;
System info: host: &amp;apos;DESKTOP-OHEAHH8&amp;apos;, ip: &amp;apos;192.168.123.2&amp;apos;, os.name: &amp;apos;Windows 8.1&amp;apos;, os.arch: &amp;apos;amd64&amp;apos;, os.version: &amp;apos;6.3&amp;apos;, java.version: &amp;apos;1.8.0_05&amp;apos;
Driver info: driver.version: AndroidDriver">
      <![CDATA[org.openqa.selenium.WebDriverException: Returned value cannot be converted to WebElement: {stacktrace=NoSuchDriverError: A session is either terminated or not started
    at asyncHandler$ (C:\Users\Love\AppData\Roaming\npm\node_modules\appium\node_modules\appium-base-driver\lib\protocol\protocol.js:212:15)
    at tryCatch (C:\Users\Love\AppData\Roaming\npm\node_modules\appium\node_modules\babel-runtime\regenerator\runtime.js:67:40)
    at GeneratorFunctionPrototype.invoke [as _invoke] (C:\Users\Love\AppData\Roaming\npm\node_modules\appium\node_modules\babel-runtime\regenerator\runtime.js:315:22)
    at GeneratorFunctionPrototype.prototype.(anonymous function) [as next] (C:\Users\Love\AppData\Roaming\npm\node_modules\appium\node_modules\babel-runtime\regenerator\runtime.js:100:21)
    at invoke (C:\Users\Love\AppData\Roaming\npm\node_modules\appium\node_modules\babel-runtime\regenerator\runtime.js:136:37)
    at enqueueResult (C:\Users\Love\AppData\Roaming\npm\node_modules\appium\node_modules\babel-runtime\regenerator\runtime.js:185:17)
    at new Promise (<anonymous>)
    at new F (C:\Users\Love\AppData\Roaming\npm\node_modules\appium\node_modules\core-js\library\modules\$.export.js:30:36)
    at AsyncIterator.enqueue (C:\Users\Love\AppData\Roaming\npm\node_modules\appium\node_modules\babel-runtime\regenerator\runtime.js:184:12)
    at AsyncIterator.prototype.(anonymous function) [as next] (C:\Users\Love\AppData\Roaming\npm\node_modules\appium\node_modules\babel-runtime\regenerator\runtime.js:100:21)
    at Object.runtime.async (C:\Users\Love\AppData\Roaming\npm\node_modules\appium\node_modules\babel-runtime\regenerator\runtime.js:209:12)
    at asyncHandler (C:\Users\Love\AppData\Roaming\npm\node_modules\appium\node_modules\appium-base-driver\build\lib\protocol\protocol.js:331:32)
    at C:\Users\Love\AppData\Roaming\npm\node_modules\appium\node_modules\appium-base-driver\lib\protocol\protocol.js:403:15
    at Layer.handle [as handle_request] (C:\Users\Love\AppData\Roaming\npm\node_modules\appium\node_modules\express\lib\router\layer.js:95:5)
    at next (C:\Users\Love\AppData\Roaming\npm\node_modules\appium\node_modules\express\lib\router\route.js:137:13)
    at Route.dispatch (C:\Users\Love\AppData\Roaming\npm\node_modules\appium\node_modules\express\lib\router\route.js:112:3)
    at Layer.handle [as handle_request] (C:\Users\Love\AppData\Roaming\npm\node_modules\appium\node_modules\express\lib\router\layer.js:95:5)
    at C:\Users\Love\AppData\Roaming\npm\node_modules\appium\node_modules\express\lib\router\index.js:281:22
    at param (C:\Users\Love\AppData\Roaming\npm\node_modules\appium\node_modules\express\lib\router\index.js:354:14)
    at param (C:\Users\Love\AppData\Roaming\npm\node_modules\appium\node_modules\express\lib\router\index.js:365:14)
    at Function.process_params (C:\Users\Love\AppData\Roaming\npm\node_modules\appium\node_modules\express\lib\router\index.js:410:3)
    at next (C:\Users\Love\AppData\Roaming\npm\node_modules\appium\node_modules\express\lib\router\index.js:275:10)
    at logger (C:\Users\Love\AppData\Roaming\npm\node_modules\appium\node_modules\morgan\index.js:144:5)
    at Layer.handle [as handle_request] (C:\Users\Love\AppData\Roaming\npm\node_modules\appium\node_modules\express\lib\router\layer.js:95:5)
    at trim_prefix (C:\Users\Love\AppData\Roaming\npm\node_modules\appium\node_modules\express\lib\router\index.js:317:13)
    at C:\Users\Love\AppData\Roaming\npm\node_modules\appium\node_modules\express\lib\router\index.js:284:7
    at Function.process_params (C:\Users\Love\AppData\Roaming\npm\node_modules\appium\node_modules\express\lib\router\index.js:335:12)
    at next (C:\Users\Love\AppData\Roaming\npm\node_modules\appium\node_modules\express\lib\router\index.js:275:10)
    at C:\Users\Love\AppData\Roaming\npm\node_modules\appium\node_modules\body-parser\lib\read.js:130:5
    at invokeCallback (C:\Users\Love\AppData\Roaming\npm\node_modules\appium\node_modules\raw-body\index.js:224:16)
    at done (C:\Users\Love\AppData\Roaming\npm\node_modules\appium\node_modules\raw-body\index.js:213:7)
    at IncomingMessage.onEnd (C:\Users\Love\AppData\Roaming\npm\node_modules\appium\node_modules\raw-body\index.js:273:7)
    at emitNone (events.js:106:13)
    at IncomingMessage.emit (events.js:208:7)
    at endReadableNT (_stream_readable.js:1064:12)
    at _combinedTickCallback (internal/process/next_tick.js:138:11)
    at process._tickCallback (internal/process/next_tick.js:180:9), error=invalid session id, message=A session is either terminated or not started}
Build info: version: '3.4.0', revision: 'unknown', time: 'unknown'
System info: host: 'DESKTOP-OHEAHH8', ip: '192.168.123.2', os.name: 'Windows 8.1', os.arch: 'amd64', os.version: '6.3', java.version: '1.8.0_05'
Driver info: driver.version: AndroidDriver
at org.openqa.selenium.remote.RemoteWebDriver.findElement(RemoteWebDriver.java:417)
at io.appium.java_client.DefaultGenericMobileDriver.findElement(DefaultGenericMobileDriver.java:56)
at io.appium.java_client.AppiumDriver.findElement(AppiumDriver.java:1)
at io.appium.java_client.android.AndroidDriver.findElement(AndroidDriver.java:1)
at org.openqa.selenium.remote.RemoteWebDriver.findElementByXPath(RemoteWebDriver.java:509)
at io.appium.java_client.DefaultGenericMobileDriver.findElementByXPath(DefaultGenericMobileDriver.java:134)
at io.appium.java_client.AppiumDriver.findElementByXPath(AppiumDriver.java:1)
at io.appium.java_client.android.AndroidDriver.findElementByXPath(AndroidDriver.java:1)
at org.openqa.selenium.By$ByXPath.findElement(By.java:361)
at org.openqa.selenium.remote.RemoteWebDriver.findElement(RemoteWebDriver.java:402)
at io.appium.java_client.DefaultGenericMobileDriver.findElement(DefaultGenericMobileDriver.java:52)
at io.appium.java_client.AppiumDriver.findElement(AppiumDriver.java:1)
at io.appium.java_client.android.AndroidDriver.findElement(AndroidDriver.java:1)
at com.mdu.TestPages.HomePageTest.setUp(HomePageTest.java:19)
Caused by: java.lang.ClassCastException: com.google.common.collect.Maps$TransformedEntriesMap cannot be cast to org.openqa.selenium.WebElement
at org.openqa.selenium.remote.RemoteWebDriver.findElement(RemoteWebDriver.java:415)
... 41 more
... Removed 28 stack frames]]>
    </failure>
  </testcase> <!-- @BeforeMethod setUp -->
  <testcase name="@AfterMethod tearDown" time="0.0" classname="com.mdu.TestPages.HomePageTest">
    <skipped/>
  </testcase> <!-- @AfterMethod tearDown -->
  <testcase name="@BeforeMethod setUp" time="0.0" classname="com.mdu.TestPages.HomePageTest">
    <skipped/>
  </testcase> <!-- @BeforeMethod setUp -->
  <testcase name="@AfterMethod tearDown" time="0.0" classname="com.mdu.TestPages.HomePageTest">
    <skipped/>
  </testcase> <!-- @AfterMethod tearDown -->
  <testcase name="check_Agrade_Logoms" time="0.341" classname="com.mdu.TestPages.HomePageTest"/>
  <testcase name="check_LogoArea" time="0.38" classname="com.mdu.TestPages.HomePageTest"/>
  <testcase name="check_Logomsg" time="0.282" classname="com.mdu.TestPages.HomePageTest"/>
  <testcase name="click_img" time="3.478" classname="com.mdu.TestPages.HomePageTest"/>
  <testcase name="test_ArchiveLink" time="2.468" classname="com.mdu.TestPages.HomePageTest"/>
  <testcase name="test_ClgPortal" time="1.182" classname="com.mdu.TestPages.HomePageTest"/>
  <testcase name="test_ContactLink" time="3.296" classname="com.mdu.TestPages.HomePageTest"/>
  <testcase name="test_DDE" time="2.292" classname="com.mdu.TestPages.HomePageTest"/>
  <testcase name="test_EmailDirectory" time="2.218" classname="com.mdu.TestPages.HomePageTest"/>
  <testcase name="test_FBLink" time="1.15" classname="com.mdu.TestPages.HomePageTest"/>
  <testcase name="test_HomeLink" time="3.575" classname="com.mdu.TestPages.HomePageTest"/>
  <testcase name="test_LResourcesLink" time="0.973" classname="com.mdu.TestPages.HomePageTest"/>
  <testcase name="test_RTILink" time="5.187" classname="com.mdu.TestPages.HomePageTest"/>
  <testcase name="test_eRishi" time="2.859" classname="com.mdu.TestPages.HomePageTest"/>
  <testcase name="test_mduNet" time="0.0" classname="com.mdu.TestPages.HomePageTest">
    <skipped/>
  </testcase> <!-- test_mduNet -->
  <testcase name="titleTest" time="0.0" classname="com.mdu.TestPages.HomePageTest">
    <skipped/>
  </testcase> <!-- titleTest -->
</testsuite> <!-- Basic -->
